This is pdfTeX, Version 3.14159265-2.6-1.40.17 (MiKTeX 2.9 64-bit) (preloaded format=pdflatex 2016.10.30)  20 NOV 2017 22:44
entering extended mode
**./monografia_modelo.tex
(monografia_modelo.tex
LaTeX2e <2016/03/31> patch level 3
Babel <3.9r> and hyphenation patterns for 75 language(s) loaded.
("C:\Program Files\MiKTeX 2.9\tex\latex\base\book.cls"
Document Class: book 2014/09/29 v1.4h Standard LaTeX document class
("C:\Program Files\MiKTeX 2.9\tex\latex\base\bk12.clo"
File: bk12.clo 2014/09/29 v1.4h Standard LaTeX file (size option)
)
\c@part=\count79
\c@chapter=\count80
\c@section=\count81
\c@subsection=\count82
\c@subsubsection=\count83
\c@paragraph=\count84
\c@subparagraph=\count85
\c@figure=\count86
\c@table=\count87
\abovecaptionskip=\skip41
\belowcaptionskip=\skip42
\bibindent=\dimen102
)
("C:\Program Files\MiKTeX 2.9\tex\latex\booktabs\booktabs.sty"
Package: booktabs 2005/04/14 v1.61803 publication quality tables
\heavyrulewidth=\dimen103
\lightrulewidth=\dimen104
\cmidrulewidth=\dimen105
\belowrulesep=\dimen106
\belowbottomsep=\dimen107
\aboverulesep=\dimen108
\abovetopsep=\dimen109
\cmidrulesep=\dimen110
\cmidrulekern=\dimen111
\defaultaddspace=\dimen112
\@cmidla=\count88
\@cmidlb=\count89
\@aboverulesep=\dimen113
\@belowrulesep=\dimen114
\@thisruleclass=\count90
\@lastruleclass=\count91
\@thisrulewidth=\dimen115
)
("C:\Program Files\MiKTeX 2.9\tex\latex\graphics\graphicx.sty"
Package: graphicx 2014/10/28 v1.0g Enhanced LaTeX Graphics (DPC,SPQR)

("C:\Program Files\MiKTeX 2.9\tex\latex\graphics\keyval.sty"
Package: keyval 2014/10/28 v1.15 key=value parser (DPC)
\KV@toks@=\toks14
)
("C:\Program Files\MiKTeX 2.9\tex\latex\graphics\graphics.sty"
Package: graphics 2016/07/10 v1.0t Standard LaTeX Graphics (DPC,SPQR)

("C:\Program Files\MiKTeX 2.9\tex\latex\graphics\trig.sty"
Package: trig 2016/01/03 v1.10 sin cos tan (DPC)
)
("C:\Program Files\MiKTeX 2.9\tex\latex\00miktex\graphics.cfg"
File: graphics.cfg 2016/06/04 v1.11 sample graphics configuration
)
Package graphics Info: Driver file: pdftex.def on input line 99.

("C:\Program Files\MiKTeX 2.9\tex\latex\graphics-def\pdftex.def"
File: pdftex.def 2016/07/10 v0.06j Graphics/color for pdfTeX

("C:\Program Files\MiKTeX 2.9\tex\generic\oberdiek\infwarerr.sty"
Package: infwarerr 2016/05/16 v1.4 Providing info/warning/error messages (HO)
)
("C:\Program Files\MiKTeX 2.9\tex\generic\oberdiek\ltxcmds.sty"
Package: ltxcmds 2016/05/16 v1.23 LaTeX kernel commands for general use (HO)
)
\Gread@gobject=\count92
))
\Gin@req@height=\dimen116
\Gin@req@width=\dimen117
)
("C:\Program Files\MiKTeX 2.9\tex\latex\adjustbox\adjustbox.sty"
Package: adjustbox 2012/05/21 v1.0 Adjusting TeX boxes (trim, clip, ...)

("C:\Program Files\MiKTeX 2.9\tex\latex\xkeyval\xkeyval.sty"
Package: xkeyval 2014/12/03 v2.7a package option processing (HA)

("C:\Program Files\MiKTeX 2.9\tex\generic\xkeyval\xkeyval.tex"
("C:\Program Files\MiKTeX 2.9\tex\generic\xkeyval\xkvutils.tex"
\XKV@toks=\toks15
\XKV@tempa@toks=\toks16
)
\XKV@depth=\count93
File: xkeyval.tex 2014/12/03 v2.7a key=value parser (HA)
))
("C:\Program Files\MiKTeX 2.9\tex\latex\adjustbox\adjcalc.sty"
Package: adjcalc 2012/05/16 v1.1 Provides advanced setlength with multiple back
-ends (calc, etex, pgfmath)
)
("C:\Program Files\MiKTeX 2.9\tex\latex\adjustbox\trimclip.sty"
Package: trimclip 2012/05/16 v1.0 Trim and clip general TeX material

("C:\Program Files\MiKTeX 2.9\tex\latex\collectbox\collectbox.sty"
Package: collectbox 2012/05/17 v0.4b Collect macro arguments as boxes
\collectedbox=\box26
)
\tc@llx=\dimen118
\tc@lly=\dimen119
\tc@urx=\dimen120
\tc@ury=\dimen121
Package trimclip Info: Using driver 'tc-pdftex.def'.

("C:\Program Files\MiKTeX 2.9\tex\latex\adjustbox\tc-pdftex.def"
File: tc-pdftex.def 2012/05/13 v1.0 Clipping driver for pdftex
))
\adjbox@Width=\dimen122
\adjbox@Height=\dimen123
\adjbox@Depth=\dimen124
\adjbox@Totalheight=\dimen125

("C:\Program Files\MiKTeX 2.9\tex\latex\ifoddpage\ifoddpage.sty"
Package: ifoddpage 2016/04/23 v1.1 Conditionals for odd/even page detection
\c@checkoddpage=\count94
)
("C:\Program Files\MiKTeX 2.9\tex\latex\ltxmisc\varwidth.sty"
Package: varwidth 2009/03/30 ver 0.92;  Variable-width minipages
\@vwid@box=\box27
\sift@deathcycles=\count95
\@vwid@loff=\dimen126
\@vwid@roff=\dimen127
))
("C:\Program Files\MiKTeX 2.9\tex\latex\ulem\ulem.sty"
\UL@box=\box28
\UL@hyphenbox=\box29
\UL@skip=\skip43
\UL@hook=\toks17
\UL@height=\dimen128
\UL@pe=\count96
\UL@pixel=\dimen129
\ULC@box=\box30
Package: ulem 2012/05/18
\ULdepth=\dimen130
)
("C:\Program Files\MiKTeX 2.9\tex\latex\cmap\cmap.sty"
Package: cmap 2008/03/06 v1.0h CMap support: searchable PDF
)
("C:\Program Files\MiKTeX 2.9\tex\generic\babel\babel.sty"
Package: babel 2016/04/23 3.9r The Babel package

*************************************
* Local config file bblopts.cfg used
*
("C:\Program Files\MiKTeX 2.9\tex\latex\arabi\bblopts.cfg"
File: bblopts.cfg 2005/09/08 v0.1 add Arabic and Farsi to "declared" options of
 babel
)
("C:\Program Files\MiKTeX 2.9\tex\latex\babel-portuges\portuges.ldf"
Language: portuges 2008/03/18 v1.2q Portuguese support from the babel system

("C:\Program Files\MiKTeX 2.9\tex\generic\babel\babel.def"
File: babel.def 2016/04/23 3.9r Babel common definitions
\babel@savecnt=\count97
\U@D=\dimen131
)
\l@brazilian = a dialect from \language\l@portuges 
Package babel Info: Making " an active character on input line 145.
))
("C:\Program Files\MiKTeX 2.9\tex\latex\base\inputenc.sty"
Package: inputenc 2015/03/17 v1.2c Input encoding file
\inpenc@prehook=\toks18
\inpenc@posthook=\toks19

("C:\Program Files\MiKTeX 2.9\tex\latex\base\utf8.def"
File: utf8.def 2016/02/28 v1.1s UTF-8 support for inputenc
Now handling font encoding OML ...
... no UTF-8 mapping file for font encoding OML
Now handling font encoding T1 ...
... processing UTF-8 mapping file for font encoding T1

("C:\Program Files\MiKTeX 2.9\tex\latex\base\t1enc.dfu"
File: t1enc.dfu 2016/02/28 v1.1s UTF-8 support for inputenc
   defining Unicode char U+00A0 (decimal 160)
   defining Unicode char U+00A1 (decimal 161)
   defining Unicode char U+00A3 (decimal 163)
   defining Unicode char U+00AB (decimal 171)
   defining Unicode char U+00AD (decimal 173)
   defining Unicode char U+00BB (decimal 187)
   defining Unicode char U+00BF (decimal 191)
   defining Unicode char U+00C0 (decimal 192)
   defining Unicode char U+00C1 (decimal 193)
   defining Unicode char U+00C2 (decimal 194)
   defining Unicode char U+00C3 (decimal 195)
   defining Unicode char U+00C4 (decimal 196)
   defining Unicode char U+00C5 (decimal 197)
   defining Unicode char U+00C6 (decimal 198)
   defining Unicode char U+00C7 (decimal 199)
   defining Unicode char U+00C8 (decimal 200)
   defining Unicode char U+00C9 (decimal 201)
   defining Unicode char U+00CA (decimal 202)
   defining Unicode char U+00CB (decimal 203)
   defining Unicode char U+00CC (decimal 204)
   defining Unicode char U+00CD (decimal 205)
   defining Unicode char U+00CE (decimal 206)
   defining Unicode char U+00CF (decimal 207)
   defining Unicode char U+00D0 (decimal 208)
   defining Unicode char U+00D1 (decimal 209)
   defining Unicode char U+00D2 (decimal 210)
   defining Unicode char U+00D3 (decimal 211)
   defining Unicode char U+00D4 (decimal 212)
   defining Unicode char U+00D5 (decimal 213)
   defining Unicode char U+00D6 (decimal 214)
   defining Unicode char U+00D8 (decimal 216)
   defining Unicode char U+00D9 (decimal 217)
   defining Unicode char U+00DA (decimal 218)
   defining Unicode char U+00DB (decimal 219)
   defining Unicode char U+00DC (decimal 220)
   defining Unicode char U+00DD (decimal 221)
   defining Unicode char U+00DE (decimal 222)
   defining Unicode char U+00DF (decimal 223)
   defining Unicode char U+00E0 (decimal 224)
   defining Unicode char U+00E1 (decimal 225)
   defining Unicode char U+00E2 (decimal 226)
   defining Unicode char U+00E3 (decimal 227)
   defining Unicode char U+00E4 (decimal 228)
   defining Unicode char U+00E5 (decimal 229)
   defining Unicode char U+00E6 (decimal 230)
   defining Unicode char U+00E7 (decimal 231)
   defining Unicode char U+00E8 (decimal 232)
   defining Unicode char U+00E9 (decimal 233)
   defining Unicode char U+00EA (decimal 234)
   defining Unicode char U+00EB (decimal 235)
   defining Unicode char U+00EC (decimal 236)
   defining Unicode char U+00ED (decimal 237)
   defining Unicode char U+00EE (decimal 238)
   defining Unicode char U+00EF (decimal 239)
   defining Unicode char U+00F0 (decimal 240)
   defining Unicode char U+00F1 (decimal 241)
   defining Unicode char U+00F2 (decimal 242)
   defining Unicode char U+00F3 (decimal 243)
   defining Unicode char U+00F4 (decimal 244)
   defining Unicode char U+00F5 (decimal 245)
   defining Unicode char U+00F6 (decimal 246)
   defining Unicode char U+00F8 (decimal 248)
   defining Unicode char U+00F9 (decimal 249)
   defining Unicode char U+00FA (decimal 250)
   defining Unicode char U+00FB (decimal 251)
   defining Unicode char U+00FC (decimal 252)
   defining Unicode char U+00FD (decimal 253)
   defining Unicode char U+00FE (decimal 254)
   defining Unicode char U+00FF (decimal 255)
   defining Unicode char U+0100 (decimal 256)
   defining Unicode char U+0101 (decimal 257)
   defining Unicode char U+0102 (decimal 258)
   defining Unicode char U+0103 (decimal 259)
   defining Unicode char U+0104 (decimal 260)
   defining Unicode char U+0105 (decimal 261)
   defining Unicode char U+0106 (decimal 262)
   defining Unicode char U+0107 (decimal 263)
   defining Unicode char U+0108 (decimal 264)
   defining Unicode char U+0109 (decimal 265)
   defining Unicode char U+010A (decimal 266)
   defining Unicode char U+010B (decimal 267)
   defining Unicode char U+010C (decimal 268)
   defining Unicode char U+010D (decimal 269)
   defining Unicode char U+010E (decimal 270)
   defining Unicode char U+010F (decimal 271)
   defining Unicode char U+0110 (decimal 272)
   defining Unicode char U+0111 (decimal 273)
   defining Unicode char U+0112 (decimal 274)
   defining Unicode char U+0113 (decimal 275)
   defining Unicode char U+0114 (decimal 276)
   defining Unicode char U+0115 (decimal 277)
   defining Unicode char U+0116 (decimal 278)
   defining Unicode char U+0117 (decimal 279)
   defining Unicode char U+0118 (decimal 280)
   defining Unicode char U+0119 (decimal 281)
   defining Unicode char U+011A (decimal 282)
   defining Unicode char U+011B (decimal 283)
   defining Unicode char U+011C (decimal 284)
   defining Unicode char U+011D (decimal 285)
   defining Unicode char U+011E (decimal 286)
   defining Unicode char U+011F (decimal 287)
   defining Unicode char U+0120 (decimal 288)
   defining Unicode char U+0121 (decimal 289)
   defining Unicode char U+0122 (decimal 290)
   defining Unicode char U+0123 (decimal 291)
   defining Unicode char U+0124 (decimal 292)
   defining Unicode char U+0125 (decimal 293)
   defining Unicode char U+0128 (decimal 296)
   defining Unicode char U+0129 (decimal 297)
   defining Unicode char U+012A (decimal 298)
   defining Unicode char U+012B (decimal 299)
   defining Unicode char U+012C (decimal 300)
   defining Unicode char U+012D (decimal 301)
   defining Unicode char U+012E (decimal 302)
   defining Unicode char U+012F (decimal 303)
   defining Unicode char U+0130 (decimal 304)
   defining Unicode char U+0131 (decimal 305)
   defining Unicode char U+0132 (decimal 306)
   defining Unicode char U+0133 (decimal 307)
   defining Unicode char U+0134 (decimal 308)
   defining Unicode char U+0135 (decimal 309)
   defining Unicode char U+0136 (decimal 310)
   defining Unicode char U+0137 (decimal 311)
   defining Unicode char U+0139 (decimal 313)
   defining Unicode char U+013A (decimal 314)
   defining Unicode char U+013B (decimal 315)
   defining Unicode char U+013C (decimal 316)
   defining Unicode char U+013D (decimal 317)
   defining Unicode char U+013E (decimal 318)
   defining Unicode char U+0141 (decimal 321)
   defining Unicode char U+0142 (decimal 322)
   defining Unicode char U+0143 (decimal 323)
   defining Unicode char U+0144 (decimal 324)
   defining Unicode char U+0145 (decimal 325)
   defining Unicode char U+0146 (decimal 326)
   defining Unicode char U+0147 (decimal 327)
   defining Unicode char U+0148 (decimal 328)
   defining Unicode char U+014A (decimal 330)
   defining Unicode char U+014B (decimal 331)
   defining Unicode char U+014C (decimal 332)
   defining Unicode char U+014D (decimal 333)
   defining Unicode char U+014E (decimal 334)
   defining Unicode char U+014F (decimal 335)
   defining Unicode char U+0150 (decimal 336)
   defining Unicode char U+0151 (decimal 337)
   defining Unicode char U+0152 (decimal 338)
   defining Unicode char U+0153 (decimal 339)
   defining Unicode char U+0154 (decimal 340)
   defining Unicode char U+0155 (decimal 341)
   defining Unicode char U+0156 (decimal 342)
   defining Unicode char U+0157 (decimal 343)
   defining Unicode char U+0158 (decimal 344)
   defining Unicode char U+0159 (decimal 345)
   defining Unicode char U+015A (decimal 346)
   defining Unicode char U+015B (decimal 347)
   defining Unicode char U+015C (decimal 348)
   defining Unicode char U+015D (decimal 349)
   defining Unicode char U+015E (decimal 350)
   defining Unicode char U+015F (decimal 351)
   defining Unicode char U+0160 (decimal 352)
   defining Unicode char U+0161 (decimal 353)
   defining Unicode char U+0162 (decimal 354)
   defining Unicode char U+0163 (decimal 355)
   defining Unicode char U+0164 (decimal 356)
   defining Unicode char U+0165 (decimal 357)
   defining Unicode char U+0168 (decimal 360)
   defining Unicode char U+0169 (decimal 361)
   defining Unicode char U+016A (decimal 362)
   defining Unicode char U+016B (decimal 363)
   defining Unicode char U+016C (decimal 364)
   defining Unicode char U+016D (decimal 365)
   defining Unicode char U+016E (decimal 366)
   defining Unicode char U+016F (decimal 367)
   defining Unicode char U+0170 (decimal 368)
   defining Unicode char U+0171 (decimal 369)
   defining Unicode char U+0172 (decimal 370)
   defining Unicode char U+0173 (decimal 371)
   defining Unicode char U+0174 (decimal 372)
   defining Unicode char U+0175 (decimal 373)
   defining Unicode char U+0176 (decimal 374)
   defining Unicode char U+0177 (decimal 375)
   defining Unicode char U+0178 (decimal 376)
   defining Unicode char U+0179 (decimal 377)
   defining Unicode char U+017A (decimal 378)
   defining Unicode char U+017B (decimal 379)
   defining Unicode char U+017C (decimal 380)
   defining Unicode char U+017D (decimal 381)
   defining Unicode char U+017E (decimal 382)
   defining Unicode char U+01CD (decimal 461)
   defining Unicode char U+01CE (decimal 462)
   defining Unicode char U+01CF (decimal 463)
   defining Unicode char U+01D0 (decimal 464)
   defining Unicode char U+01D1 (decimal 465)
   defining Unicode char U+01D2 (decimal 466)
   defining Unicode char U+01D3 (decimal 467)
   defining Unicode char U+01D4 (decimal 468)
   defining Unicode char U+01E2 (decimal 482)
   defining Unicode char U+01E3 (decimal 483)
   defining Unicode char U+01E6 (decimal 486)
   defining Unicode char U+01E7 (decimal 487)
   defining Unicode char U+01E8 (decimal 488)
   defining Unicode char U+01E9 (decimal 489)
   defining Unicode char U+01EA (decimal 490)
   defining Unicode char U+01EB (decimal 491)
   defining Unicode char U+01F0 (decimal 496)
   defining Unicode char U+01F4 (decimal 500)
   defining Unicode char U+01F5 (decimal 501)
   defining Unicode char U+0218 (decimal 536)
   defining Unicode char U+0219 (decimal 537)
   defining Unicode char U+021A (decimal 538)
   defining Unicode char U+021B (decimal 539)
   defining Unicode char U+1E02 (decimal 7682)
   defining Unicode char U+1E03 (decimal 7683)
   defining Unicode char U+200C (decimal 8204)
   defining Unicode char U+2010 (decimal 8208)
   defining Unicode char U+2011 (decimal 8209)
   defining Unicode char U+2012 (decimal 8210)
   defining Unicode char U+2013 (decimal 8211)
   defining Unicode char U+2014 (decimal 8212)
   defining Unicode char U+2015 (decimal 8213)
   defining Unicode char U+2018 (decimal 8216)
   defining Unicode char U+2019 (decimal 8217)
   defining Unicode char U+201A (decimal 8218)
   defining Unicode char U+201C (decimal 8220)
   defining Unicode char U+201D (decimal 8221)
   defining Unicode char U+201E (decimal 8222)
   defining Unicode char U+2030 (decimal 8240)
   defining Unicode char U+2031 (decimal 8241)
   defining Unicode char U+2039 (decimal 8249)
   defining Unicode char U+203A (decimal 8250)
   defining Unicode char U+2423 (decimal 9251)
)
Now handling font encoding OT1 ...
... processing UTF-8 mapping file for font encoding OT1

("C:\Program Files\MiKTeX 2.9\tex\latex\base\ot1enc.dfu"
File: ot1enc.dfu 2016/02/28 v1.1s UTF-8 support for inputenc
   defining Unicode char U+00A0 (decimal 160)
   defining Unicode char U+00A1 (decimal 161)
   defining Unicode char U+00A3 (decimal 163)
   defining Unicode char U+00AD (decimal 173)
   defining Unicode char U+00B8 (decimal 184)
   defining Unicode char U+00BF (decimal 191)
   defining Unicode char U+00C5 (decimal 197)
   defining Unicode char U+00C6 (decimal 198)
   defining Unicode char U+00D8 (decimal 216)
   defining Unicode char U+00DF (decimal 223)
   defining Unicode char U+00E6 (decimal 230)
   defining Unicode char U+00EC (decimal 236)
   defining Unicode char U+00ED (decimal 237)
   defining Unicode char U+00EE (decimal 238)
   defining Unicode char U+00EF (decimal 239)
   defining Unicode char U+00F8 (decimal 248)
   defining Unicode char U+0131 (decimal 305)
   defining Unicode char U+0141 (decimal 321)
   defining Unicode char U+0142 (decimal 322)
   defining Unicode char U+0152 (decimal 338)
   defining Unicode char U+0153 (decimal 339)
   defining Unicode char U+0174 (decimal 372)
   defining Unicode char U+0175 (decimal 373)
   defining Unicode char U+0176 (decimal 374)
   defining Unicode char U+0177 (decimal 375)
   defining Unicode char U+0218 (decimal 536)
   defining Unicode char U+0219 (decimal 537)
   defining Unicode char U+021A (decimal 538)
   defining Unicode char U+021B (decimal 539)
   defining Unicode char U+2013 (decimal 8211)
   defining Unicode char U+2014 (decimal 8212)
   defining Unicode char U+2018 (decimal 8216)
   defining Unicode char U+2019 (decimal 8217)
   defining Unicode char U+201C (decimal 8220)
   defining Unicode char U+201D (decimal 8221)
)
Now handling font encoding OMS ...
... processing UTF-8 mapping file for font encoding OMS

("C:\Program Files\MiKTeX 2.9\tex\latex\base\omsenc.dfu"
File: omsenc.dfu 2016/02/28 v1.1s UTF-8 support for inputenc
   defining Unicode char U+00A7 (decimal 167)
   defining Unicode char U+00B6 (decimal 182)
   defining Unicode char U+00B7 (decimal 183)
   defining Unicode char U+2020 (decimal 8224)
   defining Unicode char U+2021 (decimal 8225)
   defining Unicode char U+2022 (decimal 8226)
)
Now handling font encoding OMX ...
... no UTF-8 mapping file for font encoding OMX
Now handling font encoding U ...
... no UTF-8 mapping file for font encoding U
   defining Unicode char U+00A9 (decimal 169)
   defining Unicode char U+00AA (decimal 170)
   defining Unicode char U+00AE (decimal 174)
   defining Unicode char U+00BA (decimal 186)
   defining Unicode char U+02C6 (decimal 710)
   defining Unicode char U+02DC (decimal 732)
   defining Unicode char U+200C (decimal 8204)
   defining Unicode char U+2026 (decimal 8230)
   defining Unicode char U+2122 (decimal 8482)
   defining Unicode char U+2423 (decimal 9251)
))
("C:\Program Files\MiKTeX 2.9\tex\latex\base\fontenc.sty"
Package: fontenc 2016/06/19 v1.99m Standard LaTeX package

("C:\Program Files\MiKTeX 2.9\tex\latex\base\t1enc.def"
File: t1enc.def 2016/06/19 v1.99m Standard LaTeX file
LaTeX Font Info:    Redeclaring font encoding T1 on input line 48.
)<<t1.cmap>>)
("C:\Program Files\MiKTeX 2.9\tex\latex\ae\ae.sty"
Package: ae 2001/02/12 1.3 Almost European Computer Modern

("C:\Program Files\MiKTeX 2.9\tex\latex\base\fontenc.sty"
Package: fontenc 2016/06/19 v1.99m Standard LaTeX package

("C:\Program Files\MiKTeX 2.9\tex\latex\base\t1enc.def"
File: t1enc.def 2016/06/19 v1.99m Standard LaTeX file
LaTeX Font Info:    Redeclaring font encoding T1 on input line 48.
)
LaTeX Font Info:    Try loading font information for T1+aer on input line 105.

("C:\Program Files\MiKTeX 2.9\tex\latex\ae\t1aer.fd"
File: t1aer.fd 1997/11/16 Font definitions for T1/aer.
)))
("C:\Program Files\MiKTeX 2.9\tex\latex\appendix\appendix.sty"
Package: appendix 2009/09/02 v1.2b extra appendix facilities
\c@@pps=\count98
\c@@ppsavesec=\count99
\c@@ppsaveapp=\count100
)
("C:\Program Files\MiKTeX 2.9\tex\latex\tools\longtable.sty"
Package: longtable 2014/10/28 v4.11 Multi-page Table package (DPC)
\LTleft=\skip44
\LTright=\skip45
\LTpre=\skip46
\LTpost=\skip47
\LTchunksize=\count101
\LTcapwidth=\dimen132
\LT@head=\box31
\LT@firsthead=\box32
\LT@foot=\box33
\LT@lastfoot=\box34
\LT@cols=\count102
\LT@rows=\count103
\c@LT@tables=\count104
\c@LT@chunks=\count105
\LT@p@ftn=\toks20
)
("C:\Program Files\MiKTeX 2.9\tex\latex\xcolor\xcolor.sty"
Package: xcolor 2016/05/11 v2.12 LaTeX color extensions (UK)

("C:\Program Files\MiKTeX 2.9\tex\latex\00miktex\color.cfg"
File: color.cfg 2016/01/02 v1.6 sample color configuration
)
Package xcolor Info: Driver file: pdftex.def on input line 225.

("C:\Program Files\MiKTeX 2.9\tex\latex\colortbl\colortbl.sty"
Package: colortbl 2012/02/13 v1.0a Color table columns (DPC)

("C:\Program Files\MiKTeX 2.9\tex\latex\tools\array.sty"
Package: array 2014/10/28 v2.4c Tabular extension package (FMi)
\col@sep=\dimen133
\extrarowheight=\dimen134
\NC@list=\toks21
\extratabsurround=\skip48
\backup@length=\skip49
)
\everycr=\toks22
\minrowclearance=\skip50
)
\rownum=\count106
Package xcolor Info: Model `cmy' substituted by `cmy0' on input line 1348.
Package xcolor Info: Model `hsb' substituted by `rgb' on input line 1352.
Package xcolor Info: Model `RGB' extended on input line 1364.
Package xcolor Info: Model `HTML' substituted by `rgb' on input line 1366.
Package xcolor Info: Model `Hsb' substituted by `hsb' on input line 1367.
Package xcolor Info: Model `tHsb' substituted by `hsb' on input line 1368.
Package xcolor Info: Model `HSB' substituted by `hsb' on input line 1369.
Package xcolor Info: Model `Gray' substituted by `gray' on input line 1370.
Package xcolor Info: Model `wave' substituted by `hsb' on input line 1371.
)
("C:\Program Files\MiKTeX 2.9\tex\latex\placeins\placeins.sty"
Package: placeins 2005/04/18  v 2.2
)
("C:\Program Files\MiKTeX 2.9\tex\latex\url\url.sty"
\Urlmuskip=\muskip10
Package: url 2013/09/16  ver 3.4  Verb mode for urls, etc.
)
("C:\Program Files\MiKTeX 2.9\tex\latex\tools\indentfirst.sty"
Package: indentfirst 1995/11/23 v1.03 Indent first paragraph (DPC)
)
(monografia_modelo.aux (capitulo1.aux) (capitulo2.aux) (capitulo3.aux)
(capitulo4.aux) (apendice.aux))
\openout1 = `monografia_modelo.aux'.

LaTeX Font Info:    Checking defaults for OML/cmm/m/it on input line 81.
LaTeX Font Info:    ... okay on input line 81.
LaTeX Font Info:    Checking defaults for T1/cmr/m/n on input line 81.
LaTeX Font Info:    ... okay on input line 81.
LaTeX Font Info:    Checking defaults for OT1/cmr/m/n on input line 81.
LaTeX Font Info:    ... okay on input line 81.
LaTeX Font Info:    Checking defaults for OMS/cmsy/m/n on input line 81.
LaTeX Font Info:    ... okay on input line 81.
LaTeX Font Info:    Checking defaults for OMX/cmex/m/n on input line 81.
LaTeX Font Info:    ... okay on input line 81.
LaTeX Font Info:    Checking defaults for U/cmr/m/n on input line 81.
LaTeX Font Info:    ... okay on input line 81.

("C:\Program Files\MiKTeX 2.9\tex\context\base\supp-pdf.mkii"
[Loading MPS to PDF converter (version 2006.09.02).]
\scratchcounter=\count107
\scratchdimen=\dimen135
\scratchbox=\box35
\nofMPsegments=\count108
\nofMParguments=\count109
\everyMPshowfont=\toks23
\MPscratchCnt=\count110
\MPscratchDim=\dimen136
\MPnumerator=\count111
\makeMPintoPDFobject=\count112
\everyMPtoPDFconversion=\toks24
) ("C:\Program Files\MiKTeX 2.9\tex\generic\oberdiek\pdftexcmds.sty"
Package: pdftexcmds 2016/05/21 v0.22 Utility functions of pdfTeX for LuaTeX (HO
)

("C:\Program Files\MiKTeX 2.9\tex\generic\oberdiek\ifluatex.sty"
Package: ifluatex 2016/05/16 v1.4 Provides the ifluatex switch (HO)
Package ifluatex Info: LuaTeX not detected.
)
("C:\Program Files\MiKTeX 2.9\tex\generic\oberdiek\ifpdf.sty"
Package: ifpdf 2016/05/14 v3.1 Provides the ifpdf switch
)
Package pdftexcmds Info: LuaTeX not detected.
Package pdftexcmds Info: \pdf@primitive is available.
Package pdftexcmds Info: \pdf@ifprimitive is available.
Package pdftexcmds Info: \pdfdraftmode found.
)
("C:\Program Files\MiKTeX 2.9\tex\latex\oberdiek\epstopdf-base.sty"
Package: epstopdf-base 2016/05/15 v2.6 Base part for package epstopdf

("C:\Program Files\MiKTeX 2.9\tex\latex\oberdiek\grfext.sty"
Package: grfext 2016/05/16 v1.2 Manage graphics extensions (HO)

("C:\Program Files\MiKTeX 2.9\tex\generic\oberdiek\kvdefinekeys.sty"
Package: kvdefinekeys 2016/05/16 v1.4 Define keys (HO)
))
("C:\Program Files\MiKTeX 2.9\tex\latex\oberdiek\kvoptions.sty"
Package: kvoptions 2016/05/16 v3.12 Key value format for package options (HO)

("C:\Program Files\MiKTeX 2.9\tex\generic\oberdiek\kvsetkeys.sty"
Package: kvsetkeys 2016/05/16 v1.17 Key value parser (HO)

("C:\Program Files\MiKTeX 2.9\tex\generic\oberdiek\etexcmds.sty"
Package: etexcmds 2016/05/16 v1.6 Avoid name clashes with e-TeX commands (HO)
Package etexcmds Info: Could not find \expanded.
(etexcmds)             That can mean that you are not using pdfTeX 1.50 or
(etexcmds)             that some package has redefined \expanded.
(etexcmds)             In the latter case, load this package earlier.
)))
Package epstopdf-base Info: Redefining graphics rule for `.eps' on input line 4
38.
Package grfext Info: Graphics extension search list:
(grfext)             [.png,.pdf,.jpg,.mps,.jpeg,.jbig2,.jb2,.PNG,.PDF,.JPG,.JPE
G,.JBIG2,.JB2,.eps]
(grfext)             \AppendGraphicsExtensions on input line 456.
) [1


{C:/ProgramData/MiKTeX/2.9/pdftex/config/pdftex.map}]
Underfull \hbox (badness 10000) in paragraph at lines 136--140
[]\T1/aer/m/n/12 Trabalho sub-me-tido ao Curso de
 []


Underfull \hbox (badness 1540) in paragraph at lines 136--140
\T1/aer/m/n/12 Ba-cha-re-lado em Ci-ên-cia da Com-pu-ta-ção
 []

<<ot1.cmap>><<oml.cmap>><<oms.cmap>>
LaTeX Font Info:    External font `cmex10' loaded for size
(Font)              <12> on input line 141.
<<omx.cmap>>
LaTeX Font Info:    External font `cmex10' loaded for size
(Font)              <8> on input line 141.
LaTeX Font Info:    External font `cmex10' loaded for size
(Font)              <6> on input line 141.
 [2]
Underfull \hbox (badness 10000) in paragraph at lines 174--178
[]\T1/aer/m/n/12 Trabalho sub-me-tido ao Curso de
 []


Underfull \hbox (badness 1540) in paragraph at lines 174--178
\T1/aer/m/n/12 Ba-cha-re-lado em Ci-ên-cia da Com-pu-ta-ção
 []

[3] [4] [5

] [6

] [7

] [8

] (monografia_modelo.toc [9

])
\tf@toc=\write3
\openout3 = `monografia_modelo.toc'.

 [10] (monografia_modelo.lof

LaTeX Warning: Citation `grunbacher2001surfacing' on page xi undefined on input
 line 3.

)
\tf@lof=\write4
\openout4 = `monografia_modelo.lof'.

 [11

] (monografia_modelo.lot [12

])
\tf@lot=\write5
\openout5 = `monografia_modelo.lot'.

 [13]
\openout2 = `capitulo1.aux'.

 (capitulo1.tex
Cap\'{\i }tulo 1.

LaTeX Warning: Citation `Sommerville:1997:REG:549198' on page 1 undefined on in
put line 12.

[1


]

LaTeX Warning: Citation `as1860' on page 2 undefined on input line 34.


LaTeX Warning: Citation `Barki:2001:ICM:2017138.2017142' on page 2 undefined on
 input line 39.


LaTeX Warning: Citation `lebon1954' on page 2 undefined on input line 41.


LaTeX Warning: Citation `Pfleeger:2004:SET:517000' on page 2 undefined on input
 line 58.

[2]

LaTeX Warning: Citation `grunbacher2001surfacing' on page 3 undefined on input 
line 81.

<devils_square.png, id=59, 477.28313pt x 458.46281pt>
File: devils_square.png Graphic file (type png)
 <use devils_square.png>
Package pdftex.def Info: devils_square.png used on input line 90.
(pdftex.def)             Requested size: 286.37207pt x 275.0798pt.


LaTeX Warning: Citation `grunbacher2001surfacing' on page 3 undefined on input 
line 92.

[3 <./devils_square.png>]) [4]
\openout2 = `capitulo2.aux'.

 (capitulo2.tex
Cap\'{\i }tulo 2.

LaTeX Warning: Citation `wieringa2006requirements' on page 5 undefined on input
 line 16.


LaTeX Warning: Citation `Kuhrmann:2015:SPI:2785592.2785600' on page 5 undefined
 on input line 17.

LaTeX Font Info:    Try loading font information for OMS+aer on input line 29.
("C:\Program Files\MiKTeX 2.9\tex\latex\ae\omsaer.fd"
File: omsaer.fd 1999/12/27
)
LaTeX Font Info:    Font shape `OMS/aer/m/n' in size <12> not available
(Font)              Font shape `OMS/cmsy/m/n' tried instead on input line 29.
 [5



]

LaTeX Warning: Citation `ramires2005software' on page 6 undefined on input line
 80.


LaTeX Warning: Citation `khan2014integration' on page 6 undefined on input line
 80.


LaTeX Warning: Citation `in2004requirements' on page 6 undefined on input line 
80.


LaTeX Warning: Citation `Badampudi:2015:EUS:2745802.2745818' on page 6 undefine
d on input line 95.

[6]

LaTeX Warning: Citation `khan2014integration' on page 7 undefined on input line
 142.

[7]
Package epstopdf Info: Source file: <pre_sb.eps>
(epstopdf)                    date: 2016-08-01 09:40:17
(epstopdf)                    size: 704613 bytes
(epstopdf)             Output file: <pre_sb-eps-converted-to.pdf>
(epstopdf)                    date: 2017-11-08 16:11:09
(epstopdf)                    size: 80436 bytes
(epstopdf)             Command: <epstopdf --outfile=pre_sb-eps-converted-to.pdf
 pre_sb.eps>
(epstopdf)             \includegraphics on input line 167.
Package epstopdf Info: Output file is already uptodate.
 <pre_sb-eps-converted-to.pdf, id=79, 892.33376pt x 1447.4075pt>
File: pre_sb-eps-converted-to.pdf Graphic file (type pdf)

<use pre_sb-eps-converted-to.pdf>
Package pdftex.def Info: pre_sb-eps-converted-to.pdf used on input line 167.
(pdftex.def)             Requested size: 419.39693pt x 680.28163pt.


LaTeX Warning: Float too large for page by 11.57643pt on input line 170.

[8] [9 <./pre_sb-eps-converted-to.pdf>]
Package epstopdf Info: Source file: <final_sb.eps>
(epstopdf)                    date: 2016-08-01 09:40:17
(epstopdf)                    size: 1660515 bytes
(epstopdf)             Output file: <final_sb-eps-converted-to.pdf>
(epstopdf)                    date: 2017-11-08 16:11:11
(epstopdf)                    size: 139368 bytes
(epstopdf)             Command: <epstopdf --outfile=final_sb-eps-converted-to.p
df final_sb.eps>
(epstopdf)             \includegraphics on input line 176.
Package epstopdf Info: Output file is already uptodate.

<final_sb-eps-converted-to.pdf, id=89, 887.315pt x 1457.445pt>
File: final_sb-eps-converted-to.pdf Graphic file (type pdf)

<use final_sb-eps-converted-to.pdf>
Package pdftex.def Info: final_sb-eps-converted-to.pdf used on input line 176.
(pdftex.def)             Requested size: 425.90636pt x 699.56566pt.


LaTeX Warning: Float too large for page by 30.86046pt on input line 179.

[10 <./final_sb-eps-converted-to.pdf>]

LaTeX Warning: Citation `egyed1999comparing' on page 11 undefined on input line
 200.

[11


]

LaTeX Warning: Citation `grunbacher2007making' on page 12 undefined on input li
ne 228.

[12]

LaTeX Warning: Citation `ruhe2002quantitative' on page 13 undefined on input li
ne 247.

[13]

LaTeX Warning: Citation `in2004requirements' on page 14 undefined on input line
 264.

[14]

LaTeX Warning: Citation `in2002multi' on page 15 undefined on input line 285.

[15]

LaTeX Warning: Citation `kazman2005requirements' on page 16 undefined on input 
line 300.

[16] [17]

LaTeX Warning: Citation `boehm2006winwin' on page 18 undefined on input line 32
4.

[18]

LaTeX Warning: Citation `ruhe2003trade' on page 19 undefined on input line 343.


[19]

LaTeX Warning: Citation `ahmad2008negotiation' on page 20 undefined on input li
ne 359.

[20]

LaTeX Warning: Citation `grunbacher2004integrating' on page 21 undefined on inp
ut line 380.

[21] [22]

LaTeX Warning: Citation `grunbacher2001reconciling' on page 23 undefined on inp
ut line 407.

[23]

LaTeX Warning: Citation `grunbacher2001surfacing' on page 24 undefined on input
 line 428.

[24]

LaTeX Warning: Citation `stallinger2001system' on page 25 undefined on input li
ne 446.

[25]

LaTeX Warning: Citation `boehm1998software' on page 26 undefined on input line 
464.

[26]

LaTeX Warning: Citation `ramires2005software' on page 27 undefined on input lin
e 482.

[27]

LaTeX Warning: Citation `khan2014integration' on page 28 undefined on input lin
e 499.

[28]

LaTeX Warning: Citation `raja2005moving' on page 29 undefined on input line 522
.

[29]

LaTeX Warning: Citation `ruhe2002software' on page 30 undefined on input line 5
39.

[30]

LaTeX Warning: Citation `boehm2001developing' on page 31 undefined on input lin
e 556.

[31] [32]

LaTeX Warning: Citation `briggs2002easywinwin' on page 33 undefined on input li
ne 575.

[33]

LaTeX Warning: Citation `boehm1998stakeholder' on page 34 undefined on input li
ne 592.

[34]

LaTeX Warning: Citation `in2001applying' on page 35 undefined on input line 611
.

[35]

LaTeX Warning: Citation `boehm1998winwin' on page 36 undefined on input line 63
0.

[36]

LaTeX Warning: Citation `boehm1997developing' on page 37 undefined on input lin
e 652.

[37]

LaTeX Warning: Citation `lee1996foundations' on page 38 undefined on input line
 669.

[38]

LaTeX Warning: Citation `grunbacher2005requirements' on page 39 undefined on in
put line 687.

[39]

LaTeX Warning: Citation `boehm1998using' on page 40 undefined on input line 704
.

[40]

LaTeX Warning: Citation `gruenbacher2003tool' on page 41 undefined on input lin
e 723.

[41]

LaTeX Warning: Citation `boehm1994software' on page 42 undefined on input line 
740.

[42]

LaTeX Warning: Citation `boehm1995software' on page 43 undefined on input line 
758.

[43]
Underfull \hbox (badness 1178) in paragraph at lines 771--771
[]\T1/aer/m/n/12 Tabela 2.31: []EasyWinWin: a groupware-supported
 []


LaTeX Warning: Citation `boehm2001easywinwin' on page 44 undefined on input lin
e 777.

[44]

LaTeX Warning: Citation `egyed1997analysis' on page 45 undefined on input line 
794.

[45]

LaTeX Warning: Citation `gruenbacher2000collaborative' on page 46 undefined on 
input line 812.

[46]) [47]
\openout2 = `capitulo3.aux'.

 (capitulo3.tex
Cap\'{\i }tulo 3.
[48



] [49]
Overfull \hbox (21.52571pt too wide) in paragraph at lines 90--93
[]\T1/aer/m/n/12 Essa téc-nica é si-mi-lar ao \T1/aer/m/it/12 WinWin\T1/aer/m/n
/12 ,
 []


Overfull \hbox (38.13234pt too wide) in paragraph at lines 111--115
[]\T1/aer/m/n/12 O \T1/aer/m/it/12 QA EasyWinWin \T1/aer/m/n/12 é uma jun-ção d
as téc-ni-cas \T1/aer/m/it/12 EasyWinWin\T1/aer/m/n/12 ,
 []

[50] [51] <tipo_de_ambiente.png, id=227, 602.25pt x 372.39125pt>
File: tipo_de_ambiente.png Graphic file (type png)

<use tipo_de_ambiente.png>
Package pdftex.def Info: tipo_de_ambiente.png used on input line 205.
(pdftex.def)             Requested size: 301.12425pt x 186.19516pt.


LaTeX Warning: `!h' float specifier changed to `!ht'.

<tipo_de_pesquisa.png, id=228, 618.31pt x 372.39125pt>
File: tipo_de_pesquisa.png Graphic file (type png)

<use tipo_de_pesquisa.png>
Package pdftex.def Info: tipo_de_pesquisa.png used on input line 213.
(pdftex.def)             Requested size: 309.15424pt x 186.19516pt.


LaTeX Warning: `!h' float specifier changed to `!ht'.

<tipo_de_estudo_primario.png, id=229, 602.25pt x 372.39125pt>
File: tipo_de_estudo_primario.png Graphic file (type png)

<use tipo_de_estudo_primario.png>
Package pdftex.def Info: tipo_de_estudo_primario.png used on input line 221.
(pdftex.def)             Requested size: 301.12425pt x 186.19516pt.


LaTeX Warning: `!h' float specifier changed to `!ht'.

[52] [53 <./tipo_de_ambiente.png> <./tipo_de_pesquisa.png> <./tipo_de_estudo_pr
imario.png>]

LaTeX Warning: Citation `boehm2001developing' on page 54 undefined on input lin
e 243.


LaTeX Warning: Citation `khan2014integration' on page 54 undefined on input lin
e 243.


LaTeX Warning: Citation `khan2014integration' on page 54 undefined on input lin
e 246.


LaTeX Warning: Citation `briggs2002easywinwin' on page 54 undefined on input li
ne 246.


LaTeX Warning: Citation `grunbacher2001surfacing' on page 54 undefined on input
 line 248.


LaTeX Warning: Citation `boehm1998winwin' on page 54 undefined on input line 24
8.


LaTeX Warning: Citation `gruenbacher2000collaborative' on page 54 undefined on 
input line 251.


LaTeX Warning: Citation `kazman2005requirements' on page 54 undefined on input 
line 254.


LaTeX Warning: Citation `grunbacher2001reconciling' on page 54 undefined on inp
ut line 254.


LaTeX Warning: Citation `grunbacher2004integrating' on page 54 undefined on inp
ut line 254.


LaTeX Warning: Citation `grunbacher2001reconciling' on page 54 undefined on inp
ut line 257.


LaTeX Warning: Citation `grunbacher2004integrating' on page 54 undefined on inp
ut line 257.


LaTeX Warning: Citation `grunbacher2004integrating' on page 54 undefined on inp
ut line 259.


LaTeX Warning: Citation `boehm1997developing' on page 54 undefined on input lin
e 259.


LaTeX Warning: Citation `ruhe2002quantitative' on page 54 undefined on input li
ne 262.


LaTeX Warning: Citation `in2004requirements' on page 54 undefined on input line
 262.

[54

]

LaTeX Warning: Citation `ruhe2002software' on page 55 undefined on input line 2
76.


LaTeX Warning: Citation `ruhe2002quantitative' on page 55 undefined on input li
ne 285.


LaTeX Warning: Citation `in2004requirements' on page 55 undefined on input line
 285.


LaTeX Warning: Citation `in2001applying' on page 55 undefined on input line 294
.


LaTeX Warning: Citation `in2002multi' on page 55 undefined on input line 296.


LaTeX Warning: Citation `khan2014integration' on page 55 undefined on input lin
e 298.


LaTeX Warning: Citation `in2001applying' on page 55 undefined on input line 301
.


LaTeX Warning: Citation `boehm1998using' on page 55 undefined on input line 304
.


LaTeX Warning: Citation `grunbacher2001surfacing' on page 55 undefined on input
 line 307.


LaTeX Warning: Citation `egyed1997analysis' on page 55 undefined on input line 
308.

[55]

LaTeX Warning: Citation `boehm2006winwin' on page 56 undefined on input line 32
8.

) [56]
\openout2 = `capitulo4.aux'.

 (capitulo4.tex
Cap\'{\i }tulo 4.
[57



]

LaTeX Warning: Citation `boehm1998using' on page 58 undefined on input line 39.



LaTeX Warning: Citation `boehm1994software' on page 58 undefined on input line 
39.


LaTeX Warning: Citation `grunbacher2001surfacing' on page 58 undefined on input
 line 39.


LaTeX Warning: Citation `boehm1995software' on page 58 undefined on input line 
39.

) [58] [59] (monografia_modelo.bbl)
\openout2 = `apendice.aux'.

 (apendice.tex
Ap\^endice A.

Overfull \hbox (7.54726pt too wide) in alignment at lines 5--53
 [] [] [] 
 []


Underfull \vbox (badness 10000) detected at line 53
 []


Overfull \hbox (7.54726pt too wide) in alignment at lines 53--93
 [] [] [] 
 []

[60





] [61] [62]
Overfull \hbox (7.54726pt too wide) in alignment at lines 93--133
 [] [] [] 
 []

[63] [64] [65]
Overfull \hbox (7.54726pt too wide) in alignment at lines 133--173
 [] [] [] 
 []

[66] [67] [68]
Overfull \hbox (7.54726pt too wide) in alignment at lines 173--213
 [] [] [] 
 []

[69] [70] [71]
Overfull \hbox (7.54726pt too wide) in alignment at lines 213--253
 [] [] [] 
 []

[72] [73] [74]
Overfull \hbox (7.54726pt too wide) in alignment at lines 253--293
 [] [] [] 
 []

[75] [76] [77]
Overfull \hbox (7.54726pt too wide) in alignment at lines 293--337
 [] [] [] 
 []

[78] [79] [80]
Overfull \hbox (7.54726pt too wide) in alignment at lines 337--378
 [] [] [] 
 []

[81] [82] [83]
Overfull \hbox (7.54726pt too wide) in alignment at lines 378--422
 [] [] [] 
 []

[84] [85] [86]
Overfull \hbox (7.54726pt too wide) in alignment at lines 422--463
 [] [] [] 
 []

[87] [88] [89]
Overfull \hbox (7.54726pt too wide) in alignment at lines 463--508
 [] [] [] 
 []

[90] [91] [92]
Overfull \hbox (7.54726pt too wide) in alignment at lines 508--555
 [] [] [] 
 []

[93] [94] [95]
Overfull \hbox (7.54726pt too wide) in alignment at lines 555--603
 [] [] [] 
 []

[96] [97] [98]
Overfull \hbox (7.54726pt too wide) in alignment at lines 603--645
 [] [] [] 
 []

[99] [100] [101]
Overfull \hbox (7.54726pt too wide) in alignment at lines 645--691
 [] [] [] 
 []

[102] [103]
Overfull \hbox (7.54726pt too wide) in alignment at lines 691--734
 [] [] [] 
 []

[104] [105] [106] [107]
Overfull \hbox (7.54726pt too wide) in alignment at lines 734--785
 [] [] [] 
 []

[108] [109] [110]
Overfull \hbox (7.54726pt too wide) in alignment at lines 785--831
 [] [] [] 
 []

[111] [112] [113]
Overfull \hbox (7.54726pt too wide) in alignment at lines 831--876
 [] [] [] 
 []

[114] [115] [116]
Overfull \hbox (7.54726pt too wide) in alignment at lines 876--896
 [] [] [] 
 []

[117] [118] [119] [120]) [121] (monografia_modelo.aux (capitulo1.aux)
(capitulo2.aux) (capitulo3.aux) (capitulo4.aux) (apendice.aux))

LaTeX Warning: There were undefined references.

 ) 
Here is how much of TeX's memory you used:
 4541 strings out of 493334
 60122 string characters out of 3139245
 167318 words of memory out of 3000000
 7823 multiletter control sequences out of 15000+200000
 40921 words of font info for 79 fonts, out of 3000000 for 9000
 1141 hyphenation exceptions out of 8191
 41i,8n,37p,2740b,281s stack positions out of 5000i,500n,10000p,200000b,50000s
<C:/Program Files/MiKTeX 2.9/fonts/type1/public/amsfonts/cm/cmbx12.pfb><C:/Pr
ogram Files/MiKTeX 2.9/fonts/type1/public/amsfonts/cm/cmbxti10.pfb><C:/Program 
Files/MiKTeX 2.9/fonts/type1/public/amsfonts/cm/cmcsc10.pfb><C:/Program Files/M
iKTeX 2.9/fonts/type1/public/amsfonts/cm/cmr12.pfb><C:/Program Files/MiKTeX 2.9
/fonts/type1/public/amsfonts/cm/cmr17.pfb><C:/Program Files/MiKTeX 2.9/fonts/ty
pe1/public/amsfonts/cm/cmsy10.pfb><C:/Program Files/MiKTeX 2.9/fonts/type1/publ
ic/amsfonts/cm/cmti12.pfb>
Output written on monografia_modelo.pdf (134 pages, 652629 bytes).
PDF statistics:
 482 PDF objects out of 1000 (max. 8388607)
 0 named destinations out of 1000 (max. 500000)
 51 words of extra memory for PDF output out of 10000 (max. 10000000)

